[debug] [2023-11-13T05:49:16.645Z] ----------------------------------------------------------------------
[debug] [2023-11-13T05:49:16.648Z] Command:       C:\Program Files\nodejs\node.exe C:\Users\Joshua\Documents\New Codes\cloud-functions\new-project\node_modules\firebase-tools\lib\bin\firebase.js emulators:start --only functions
[debug] [2023-11-13T05:49:16.648Z] CLI Version:   12.8.0
[debug] [2023-11-13T05:49:16.648Z] Platform:      win32
[debug] [2023-11-13T05:49:16.649Z] Node Version:  v18.18.0
[debug] [2023-11-13T05:49:16.650Z] Time:          Mon Nov 13 2023 13:49:16 GMT+0800 (Philippine Standard Time)
[debug] [2023-11-13T05:49:16.650Z] ----------------------------------------------------------------------
[debug] 
[debug] [2023-11-13T05:49:16.653Z] >>> [apiv2][query] GET https://firebase-public.firebaseio.com/cli.json [none]
[debug] [2023-11-13T05:49:16.757Z] > command requires scopes: ["email","openid","https://www.googleapis.com/auth/cloudplatformprojects.readonly","https://www.googleapis.com/auth/firebase","https://www.googleapis.com/auth/cloud-platform"]
[debug] [2023-11-13T05:49:16.757Z] > authorizing via signed-in user (joshua.adille14@gmail.com)
[info] i  emulators: Starting emulators: functions {"metadata":{"emulator":{"name":"hub"},"message":"Starting emulators: functions"}}
[debug] [2023-11-13T05:49:16.764Z] [logging] Logging Emulator only supports listening on one address (127.0.0.1). Not listening on ::1
[debug] [2023-11-13T05:49:16.764Z] assigned listening specs for emulators {"user":{"hub":[{"address":"127.0.0.1","family":"IPv4","port":4400},{"address":"::1","family":"IPv6","port":4400}],"ui":[{"address":"127.0.0.1","family":"IPv4","port":4000},{"address":"::1","family":"IPv6","port":4000}],"logging":[{"address":"127.0.0.1","family":"IPv4","port":4500}]},"metadata":{"message":"assigned listening specs for emulators"}}
[debug] [2023-11-13T05:49:16.779Z] [hub] writing locator at C:\Users\Joshua\AppData\Local\Temp\hub-test-projects-aabaa.json
[debug] [2023-11-13T05:49:16.793Z] [functions] Functions Emulator only supports listening on one address (127.0.0.1). Not listening on ::1
[debug] [2023-11-13T05:49:16.793Z] [eventarc] Eventarc Emulator only supports listening on one address (127.0.0.1). Not listening on ::1
[debug] [2023-11-13T05:49:16.793Z] late-assigned ports for functions and eventarc emulators {"user":{"hub":[{"address":"127.0.0.1","family":"IPv4","port":4400},{"address":"::1","family":"IPv6","port":4400}],"ui":[{"address":"127.0.0.1","family":"IPv4","port":4000},{"address":"::1","family":"IPv6","port":4000}],"logging":[{"address":"127.0.0.1","family":"IPv4","port":4500}],"functions":[{"address":"127.0.0.1","family":"IPv4","port":5001}],"eventarc":[{"address":"127.0.0.1","family":"IPv4","port":9299}]},"metadata":{"message":"late-assigned ports for functions and eventarc emulators"}}
[warn] !  functions: The following emulators are not running, calls to these services from the Functions emulator will affect production: auth, firestore, database, hosting, pubsub, storage {"metadata":{"emulator":{"name":"functions"},"message":"The following emulators are not running, calls to these services from the Functions emulator will affect production: \u001b[1mauth, firestore, database, hosting, pubsub, storage\u001b[22m"}}
[debug] [2023-11-13T05:49:16.797Z] defaultcredentials: writing to file C:\Users\Joshua\AppData\Roaming\firebase\joshua_adille14_gmail.com_application_default_credentials.json
[debug] [2023-11-13T05:49:16.801Z] Setting GAC to C:\Users\Joshua\AppData\Roaming\firebase\joshua_adille14_gmail.com_application_default_credentials.json {"metadata":{"emulator":{"name":"functions"},"message":"Setting GAC to C:\\Users\\Joshua\\AppData\\Roaming\\firebase\\joshua_adille14_gmail.com_application_default_credentials.json"}}
[debug] [2023-11-13T05:49:16.803Z] > refreshing access token with scopes: []
[debug] [2023-11-13T05:49:16.804Z] >>> [apiv2][query] POST https://www.googleapis.com/oauth2/v3/token [none]
[debug] [2023-11-13T05:49:16.805Z] >>> [apiv2][body] POST https://www.googleapis.com/oauth2/v3/token [omitted]
[debug] [2023-11-13T05:49:17.259Z] <<< [apiv2][status] POST https://www.googleapis.com/oauth2/v3/token 200
[debug] [2023-11-13T05:49:17.259Z] <<< [apiv2][body] POST https://www.googleapis.com/oauth2/v3/token [omitted]
[debug] [2023-11-13T05:49:17.264Z] >>> [apiv2][query] GET https://firebase.googleapis.com/v1beta1/projects/test-projects-aabaa/adminSdkConfig [none]
[debug] [2023-11-13T05:49:17.365Z] <<< [apiv2][status] GET https://firebase-public.firebaseio.com/cli.json 200
[debug] [2023-11-13T05:49:17.365Z] <<< [apiv2][body] GET https://firebase-public.firebaseio.com/cli.json {"cloudBuildErrorAfter":1594252800000,"cloudBuildWarnAfter":1590019200000,"defaultNode10After":1594252800000,"minVersion":"3.0.5","node8DeploysDisabledAfter":1613390400000,"node8RuntimeDisabledAfter":1615809600000,"node8WarnAfter":1600128000000}
[debug] [2023-11-13T05:49:17.833Z] <<< [apiv2][status] GET https://firebase.googleapis.com/v1beta1/projects/test-projects-aabaa/adminSdkConfig 200
[debug] [2023-11-13T05:49:17.833Z] <<< [apiv2][body] GET https://firebase.googleapis.com/v1beta1/projects/test-projects-aabaa/adminSdkConfig {"projectId":"test-projects-aabaa","storageBucket":"test-projects-aabaa.appspot.com"}
[debug] [2023-11-13T05:49:17.848Z] Ignoring unsupported arg: auto_download {"metadata":{"emulator":{"name":"ui"},"message":"Ignoring unsupported arg: auto_download"}}
[debug] [2023-11-13T05:49:17.849Z] Ignoring unsupported arg: port {"metadata":{"emulator":{"name":"ui"},"message":"Ignoring unsupported arg: port"}}
[debug] [2023-11-13T05:49:17.849Z] Starting Emulator UI with command {"binary":"node","args":["C:\\Users\\Joshua\\.cache\\firebase\\emulators\\ui-v1.11.7\\server\\server.js"],"optionalArgs":[],"joinArgs":false} {"metadata":{"emulator":{"name":"ui"},"message":"Starting Emulator UI with command {\"binary\":\"node\",\"args\":[\"C:\\\\Users\\\\Joshua\\\\.cache\\\\firebase\\\\emulators\\\\ui-v1.11.7\\\\server\\\\server.js\"],\"optionalArgs\":[],\"joinArgs\":false}"}}
[info] i  ui: Emulator UI logging to ui-debug.log {"metadata":{"emulator":{"name":"ui"},"message":"Emulator UI logging to \u001b[1mui-debug.log\u001b[22m"}}
[debug] [2023-11-13T05:49:17.949Z] Web / API server started at 127.0.0.1:4000
 {"metadata":{"emulator":{"name":"ui"},"message":"Web / API server started at 127.0.0.1:4000\n"}}
[debug] [2023-11-13T05:49:17.949Z] Web / API server started at ::1:4000
 {"metadata":{"emulator":{"name":"ui"},"message":"Web / API server started at ::1:4000\n"}}
[info] i  functions: Watching "C:\Users\Joshua\Documents\New Codes\cloud-functions\new-project\functions" for Cloud Functions... {"metadata":{"emulator":{"name":"functions"},"message":"Watching \"C:\\Users\\Joshua\\Documents\\New Codes\\cloud-functions\\new-project\\functions\" for Cloud Functions..."}}
[debug] [2023-11-13T05:49:18.126Z] Validating nodejs source
[debug] [2023-11-13T05:49:19.344Z] > [functions] package.json contents: {
  "name": "functions",
  "scripts": {
    "build": "tsc",
    "build:watch": "tsc --watch",
    "serve": "npm run build && firebase emulators:start --only functions",
    "shell": "npm run build && firebase functions:shell",
    "start": "npm run shell",
    "deploy": "firebase deploy --only functions",
    "logs": "firebase functions:log"
  },
  "engines": {
    "node": "18"
  },
  "main": "lib/index.js",
  "dependencies": {
    "firebase-admin": "^11.8.0",
    "firebase-functions": "^4.3.1"
  },
  "devDependencies": {
    "typescript": "^4.9.0",
    "firebase-functions-test": "^3.1.0"
  },
  "private": true
}
[debug] [2023-11-13T05:49:19.344Z] Building nodejs source
[debug] [2023-11-13T05:49:19.345Z] Failed to find version of module node: reached end of search path C:\Users\Joshua\Documents\New Codes\cloud-functions\new-project\functions\node_modules
[info] +  functions: Using node@18 from host. 
[debug] [2023-11-13T05:49:19.346Z] Could not find functions.yaml. Must use http discovery
[debug] [2023-11-13T05:49:19.351Z] Found firebase-functions binary at 'C:\Users\Joshua\Documents\New Codes\cloud-functions\new-project\functions\node_modules\.bin\firebase-functions'
